  TexturasSDL.cpp
c:\users\vixad\searches\escritorio\prácticas c++\pract1\texturassdl.h(14): error C2535: 'bool TexturasSDL::load(SDL_Renderer *,const std::string &)' : member function already defined or declared
          c:\users\vixad\searches\escritorio\prácticas c++\pract1\texturassdl.h(9) : see declaration of 'TexturasSDL::load'
c:\users\vixad\searches\escritorio\prácticas c++\pract1\texturassdl.h(16): error C2535: 'void TexturasSDL::draw(SDL_Renderer *,const SDL_Rect &)' : member function already defined or declared
          c:\users\vixad\searches\escritorio\prácticas c++\pract1\texturassdl.h(10) : see declaration of 'TexturasSDL::draw'
  mainP1.cpp
  JuegoPG.cpp
c:\users\vixad\searches\escritorio\prácticas c++\pract1\texturassdl.h(14): error C2535: 'bool TexturasSDL::load(SDL_Renderer *,const std::string &)' : member function already defined or declared
          c:\users\vixad\searches\escritorio\prácticas c++\pract1\texturassdl.h(9) : see declaration of 'TexturasSDL::load'
c:\users\vixad\searches\escritorio\prácticas c++\pract1\texturassdl.h(16): error C2535: 'void TexturasSDL::draw(SDL_Renderer *,const SDL_Rect &)' : member function already defined or declared
          c:\users\vixad\searches\escritorio\prácticas c++\pract1\texturassdl.h(10) : see declaration of 'TexturasSDL::draw'
c:\users\vixad\searches\escritorio\prácticas c++\pract1\juegopg.cpp(22): warning C4551: function call missing argument list
c:\users\vixad\searches\escritorio\prácticas c++\pract1\juegopg.cpp(23): warning C4018: '>=' : signed/unsigned mismatch
c:\users\vixad\searches\escritorio\prácticas c++\pract1\juegopg.cpp(30): warning C4551: function call missing argument list
  GlobosPG.cpp
c:\users\vixad\searches\escritorio\prácticas c++\pract1\texturassdl.h(14): error C2535: 'bool TexturasSDL::load(SDL_Renderer *,const std::string &)' : member function already defined or declared
          c:\users\vixad\searches\escritorio\prácticas c++\pract1\texturassdl.h(9) : see declaration of 'TexturasSDL::load'
c:\users\vixad\searches\escritorio\prácticas c++\pract1\texturassdl.h(16): error C2535: 'void TexturasSDL::draw(SDL_Renderer *,const SDL_Rect &)' : member function already defined or declared
          c:\users\vixad\searches\escritorio\prácticas c++\pract1\texturassdl.h(10) : see declaration of 'TexturasSDL::draw'
c:\users\vixad\searches\escritorio\prácticas c++\pract1\globospg.cpp(17): fatal error C1004: unexpected end-of-file found
  Generating Code...
